<?xml version="1.0" encoding="UTF-8"?>
<!-- Generated by org.testng.reporters.JUnitXMLReporter -->
<testsuite ignored="6" hostname="DESKTOP-TB6SQB2" failures="8" tests="34" name="Surefire test" time="0.138" errors="0" timestamp="2022-05-25T20:59:54 EDT">
  <testcase classname="test.LaunchTest" name="@BeforeSuite beforeSuite" time="2.636">
    <failure type="org.openqa.selenium.SessionNotCreatedException" message="session not created: This version of OperaDriver only supports Opera version 99
Current browser version is 101.0.4951.67 with binary path C:\Users\Vishal&amp;apos;s PC\AppData\Local\Programs\Opera\87.0.4390.33\opera.exe
  (Driver info: operadriver=99.0.4844.51 (d537ec02474b5afe23684e7963d538896c63ac77-refs/branch-heads/4844@{#875}),platform=Windows NT 10.0.22000 x86_64) (WARNING: The server did not provide any stacktrace information)
Command duration or timeout: 1.55 seconds
Build info: version: &amp;apos;3.141.59&amp;apos;, revision: &amp;apos;e82be7d358&amp;apos;, time: &amp;apos;2018-11-14T08:17:03&amp;apos;
System info: host: &amp;apos;DESKTOP-TB6SQB2&amp;apos;, ip: &amp;apos;10.0.0.84&amp;apos;, os.name: &amp;apos;Windows 11&amp;apos;, os.arch: &amp;apos;amd64&amp;apos;, os.version: &amp;apos;10.0&amp;apos;, java.version: &amp;apos;17.0.2&amp;apos;
Driver info: driver.version: OperaDriver">
      <![CDATA[org.openqa.selenium.SessionNotCreatedException: session not created: This version of OperaDriver only supports Opera version 99
Current browser version is 101.0.4951.67 with binary path C:\Users\Vishal's PC\AppData\Local\Programs\Opera\87.0.4390.33\opera.exe
  (Driver info: operadriver=99.0.4844.51 (d537ec02474b5afe23684e7963d538896c63ac77-refs/branch-heads/4844@{#875}),platform=Windows NT 10.0.22000 x86_64) (WARNING: The server did not provide any stacktrace information)
Command duration or timeout: 1.55 seconds
Build info: version: '3.141.59', revision: 'e82be7d358', time: '2018-11-14T08:17:03'
System info: host: 'DESKTOP-TB6SQB2', ip: '10.0.0.84', os.name: 'Windows 11', os.arch: 'amd64', os.version: '10.0', java.version: '17.0.2'
Driver info: driver.version: OperaDriver
at org.openqa.selenium.remote.ErrorHandler.createThrowable(ErrorHandler.java:214)
at org.openqa.selenium.remote.ErrorHandler.throwIfResponseFailed(ErrorHandler.java:166)
at org.openqa.selenium.remote.JsonWireProtocolResponse.lambda$errorHandler$0(JsonWireProtocolResponse.java:54)
at org.openqa.selenium.remote.HandshakeResponse.lambda$getResponseFunction$0(HandshakeResponse.java:30)
at org.openqa.selenium.remote.ProtocolHandshake.lambda$createSession$0(ProtocolHandshake.java:126)
at java.base/java.util.stream.ReferencePipeline$3$1.accept(ReferencePipeline.java:197)
at java.base/java.util.Spliterators$ArraySpliterator.tryAdvance(Spliterators.java:1002)
at java.base/java.util.stream.ReferencePipeline.forEachWithCancel(ReferencePipeline.java:129)
at java.base/java.util.stream.AbstractPipeline.copyIntoWithCancel(AbstractPipeline.java:527)
at java.base/java.util.stream.AbstractPipeline.copyInto(AbstractPipeline.java:513)
at java.base/java.util.stream.AbstractPipeline.wrapAndCopyInto(AbstractPipeline.java:499)
at java.base/java.util.stream.FindOps$FindOp.evaluateSequential(FindOps.java:150)
at java.base/java.util.stream.AbstractPipeline.evaluate(AbstractPipeline.java:234)
at java.base/java.util.stream.ReferencePipeline.findFirst(ReferencePipeline.java:647)
at org.openqa.selenium.remote.ProtocolHandshake.createSession(ProtocolHandshake.java:128)
at org.openqa.selenium.remote.ProtocolHandshake.createSession(ProtocolHandshake.java:74)
at org.openqa.selenium.remote.HttpCommandExecutor.execute(HttpCommandExecutor.java:136)
at org.openqa.selenium.remote.service.DriverCommandExecutor.execute(DriverCommandExecutor.java:83)
at org.openqa.selenium.remote.RemoteWebDriver.execute(RemoteWebDriver.java:552)
at org.openqa.selenium.remote.RemoteWebDriver.startSession(RemoteWebDriver.java:213)
at org.openqa.selenium.remote.RemoteWebDriver.<init>(RemoteWebDriver.java:131)
at org.openqa.selenium.opera.OperaDriver.<init>(OperaDriver.java:173)
at org.openqa.selenium.opera.OperaDriver.<init>(OperaDriver.java:160)
at org.openqa.selenium.opera.OperaDriver.<init>(OperaDriver.java:115)
at base.DriverManager.setup(DriverManager.java:22)
at test.LaunchTest.beforeSuite(LaunchTest.java:20)
... Removed 29 stack frames]]>
    </failure>
  </testcase> <!-- @BeforeSuite beforeSuite -->
  <testcase classname="test.UrlValidateTest" name="@AfterClass afterclass" time="0.0">
    <failure type="java.lang.NullPointerException" message="Cannot invoke &amp;quot;org.openqa.selenium.WebDriver.quit()&amp;quot; because &amp;quot;base.DriverManager.driver&amp;quot; is null">
      <![CDATA[java.lang.NullPointerException: Cannot invoke "org.openqa.selenium.WebDriver.quit()" because "base.DriverManager.driver" is null
at base.DriverManager.teardown(DriverManager.java:58)
at test.UrlValidateTest.afterclass(UrlValidateTest.java:31)
at java.base/java.util.ArrayList.forEach(ArrayList.java:1511)
... Removed 30 stack frames]]>
    </failure>
  </testcase> <!-- @AfterClass afterclass -->
  <testcase classname="test.LoginValidTest" name="account" time="0.0">
    <skipped/>
  </testcase> <!-- account -->
  <testcase classname="test.LoginValidTest" name="email" time="0.0">
    <failure type="org.testng.TestNGException" message="
Parameter &amp;apos;emaildata&amp;apos; is required by @Test on method email but has not been marked @Optional or defined
">
      <![CDATA[org.testng.TestNGException: 
Parameter 'emaildata' is required by @Test on method email but has not been marked @Optional or defined

at java.base/java.util.ArrayList.forEach(ArrayList.java:1511)
... Removed 31 stack frames]]>
    </failure>
  </testcase> <!-- email -->
  <testcase classname="test.LoginValidTest" name="conti" time="0.0">
    <skipped/>
  </testcase> <!-- conti -->
  <testcase classname="test.LoginValidTest" name="pass" time="0.0">
    <failure type="org.testng.TestNGException" message="
Parameter &amp;apos;passdata&amp;apos; is required by @Test on method pass but has not been marked @Optional or defined
">
      <![CDATA[org.testng.TestNGException: 
Parameter 'passdata' is required by @Test on method pass but has not been marked @Optional or defined

at java.base/java.util.ArrayList.forEach(ArrayList.java:1511)
... Removed 31 stack frames]]>
    </failure>
  </testcase> <!-- pass -->
  <testcase classname="test.LoginValidTest" name="submit" time="0.0">
    <skipped/>
  </testcase> <!-- submit -->
  <testcase classname="test.LoginValidTest" name="hello" time="0.001">
    <skipped/>
  </testcase> <!-- hello -->
  <testcase classname="test.LoginValidTest" name="signout" time="0.0">
    <skipped/>
  </testcase> <!-- signout -->
  <testcase classname="test.LoginValidTest" name="invalidemail" time="0.0">
    <failure type="org.testng.TestNGException" message="
Parameter &amp;apos;invalidemail&amp;apos; is required by @Test on method invalidemail but has not been marked @Optional or defined
">
      <![CDATA[org.testng.TestNGException: 
Parameter 'invalidemail' is required by @Test on method invalidemail but has not been marked @Optional or defined

at java.base/java.util.ArrayList.forEach(ArrayList.java:1511)
... Removed 31 stack frames]]>
    </failure>
  </testcase> <!-- invalidemail -->
  <testcase classname="test.LoginValidTest" name="conti1" time="0.0">
    <skipped/>
  </testcase> <!-- conti1 -->
  <testcase classname="test.LoginValidTest" name="invalidpass" time="0.0">
    <failure type="org.testng.TestNGException" message="
Parameter &amp;apos;invalidpass&amp;apos; is required by @Test on method invalidpass but has not been marked @Optional or defined
">
      <![CDATA[org.testng.TestNGException: 
Parameter 'invalidpass' is required by @Test on method invalidpass but has not been marked @Optional or defined

at java.base/java.util.ArrayList.forEach(ArrayList.java:1511)
... Removed 31 stack frames]]>
    </failure>
  </testcase> <!-- invalidpass -->
  <testcase classname="test.LoginValidTest" name="submit1" time="0.0">
    <skipped/>
  </testcase> <!-- submit1 -->
  <testcase classname="test.SamsungTest" name="search" time="0.0">
    <skipped/>
  </testcase> <!-- search -->
  <testcase classname="test.SamsungTest" name="clickserch" time="0.0">
    <skipped/>
  </testcase> <!-- clickserch -->
  <testcase classname="test.SamsungTest" name="result" time="0.0">
    <skipped/>
  </testcase> <!-- result -->
  <testcase classname="test.SamsungTest" name="slephone" time="0.0">
    <skipped/>
  </testcase> <!-- slephone -->
  <testcase classname="test.SamsungTest" name="price" time="0.0">
    <skipped/>
  </testcase> <!-- price -->
  <testcase classname="test.SamsungTest" name="location" time="0.0">
    <skipped/>
  </testcase> <!-- location -->
  <testcase classname="test.SamsungTest" name="zip1" time="0.0">
    <failure type="org.testng.TestNGException" message="
Parameter &amp;apos;zip1&amp;apos; is required by @Test on method zip1 but has not been marked @Optional or defined
">
      <![CDATA[org.testng.TestNGException: 
Parameter 'zip1' is required by @Test on method zip1 but has not been marked @Optional or defined

at java.base/java.util.ArrayList.forEach(ArrayList.java:1511)
... Removed 31 stack frames]]>
    </failure>
  </testcase> <!-- zip1 -->
  <testcase classname="test.SamsungTest" name="zip2" time="0.0">
    <failure type="org.testng.TestNGException" message="
Parameter &amp;apos;zip2&amp;apos; is required by @Test on method zip2 but has not been marked @Optional or defined
">
      <![CDATA[org.testng.TestNGException: 
Parameter 'zip2' is required by @Test on method zip2 but has not been marked @Optional or defined

at java.base/java.util.ArrayList.forEach(ArrayList.java:1511)
... Removed 31 stack frames]]>
    </failure>
  </testcase> <!-- zip2 -->
  <testcase classname="test.SamsungTest" name="apply" time="0.0">
    <skipped/>
  </testcase> <!-- apply -->
  <testcase classname="test.SamsungTest" name="newloction" time="0.0">
    <skipped/>
  </testcase> <!-- newloction -->
  <testcase classname="test.SamsungTest" name="cart" time="0.0">
    <skipped/>
  </testcase> <!-- cart -->
  <testcase classname="test.SamsungTest" name="addcart" time="0.0">
    <skipped/>
  </testcase> <!-- addcart -->
  <testcase classname="test.SamsungTest" name="checkout" time="0.0">
    <skipped/>
  </testcase> <!-- checkout -->
  <testcase classname="test.UrlValidateTest" name="url" time="0.0">
    <skipped/>
  </testcase> <!-- url -->
  <testcase classname="test.WishListTest" name="helloaccout" time="0.0">
    <skipped/>
  </testcase> <!-- helloaccout -->
  <testcase classname="test.WishListTest" name="wishlist" time="0.0">
    <skipped/>
  </testcase> <!-- wishlist -->
  <testcase classname="test.WishListTest" name="signin" time="0.0">
    <skipped/>
  </testcase> <!-- signin -->
  <testcase classname="test.WishListTest" name="email" time="0.0">
    <failure type="org.testng.TestNGException" message="
Parameter &amp;apos;emaildata&amp;apos; is required by @Test on method email but has not been marked @Optional or defined
">
      <![CDATA[org.testng.TestNGException: 
Parameter 'emaildata' is required by @Test on method email but has not been marked @Optional or defined

at java.base/java.util.ArrayList.forEach(ArrayList.java:1511)
... Removed 31 stack frames]]>
    </failure>
  </testcase> <!-- email -->
  <testcase classname="test.WishListTest" name="pass" time="0.0">
    <failure type="org.testng.TestNGException" message="
Parameter &amp;apos;passdata&amp;apos; is required by @Test on method pass but has not been marked @Optional or defined
">
      <![CDATA[org.testng.TestNGException: 
Parameter 'passdata' is required by @Test on method pass but has not been marked @Optional or defined

at java.base/java.util.ArrayList.forEach(ArrayList.java:1511)
... Removed 31 stack frames]]>
    </failure>
  </testcase> <!-- pass -->
  <testcase classname="test.WishListTest" name="submit" time="0.0">
    <skipped/>
  </testcase> <!-- submit -->
  <testcase classname="test.WishListTest" name="sleproduct" time="0.001">
    <skipped/>
  </testcase> <!-- sleproduct -->
  <testcase classname="test.WishListTest" name="buynow" time="0.001">
    <skipped/>
  </testcase> <!-- buynow -->
  <testcase classname="test.WishListTest" name="newrele" time="0.0">
    <skipped/>
  </testcase> <!-- newrele -->
  <testcase classname="test.LaunchTest" name="@BeforeSuite beforeSuite" time="0.0">
    <ignored/>
  </testcase> <!-- @BeforeSuite beforeSuite -->
  <testcase classname="test.LaunchTest" name="@AfterSuite afterSuite" time="0.0">
    <ignored/>
  </testcase> <!-- @AfterSuite afterSuite -->
  <testcase classname="test.LaunchTest" name="@BeforeSuite beforeSuite" time="0.0">
    <ignored/>
  </testcase> <!-- @BeforeSuite beforeSuite -->
  <testcase classname="test.LaunchTest" name="@BeforeSuite beforeSuite" time="0.0">
    <ignored/>
  </testcase> <!-- @BeforeSuite beforeSuite -->
  <testcase classname="test.LaunchTest" name="@AfterSuite afterSuite" time="0.0">
    <ignored/>
  </testcase> <!-- @AfterSuite afterSuite -->
  <testcase classname="test.LaunchTest" name="@AfterSuite afterSuite" time="0.0">
    <ignored/>
  </testcase> <!-- @AfterSuite afterSuite -->
</testsuite> <!-- Surefire test -->
